[debug] [2023-05-24T17:04:12.186Z] ----------------------------------------------------------------------
[debug] [2023-05-24T17:04:12.189Z] Command:       /opt/homebrew/Cellar/node/19.7.0/bin/node /opt/homebrew/bin/firebase deploy
[debug] [2023-05-24T17:04:12.189Z] CLI Version:   12.2.0
[debug] [2023-05-24T17:04:12.189Z] Platform:      darwin
[debug] [2023-05-24T17:04:12.190Z] Node Version:  v19.7.0
[debug] [2023-05-24T17:04:12.190Z] Time:          Thu May 25 2023 02:04:12 GMT+0900 (Korean Standard Time)
[debug] [2023-05-24T17:04:12.190Z] ----------------------------------------------------------------------
[debug] 
[debug] [2023-05-24T17:04:12.224Z] > command requires scopes: ["email","openid","https://www.googleapis.com/auth/cloudplatformprojects.readonly","https://www.googleapis.com/auth/firebase","https://www.googleapis.com/auth/cloud-platform"]
[debug] [2023-05-24T17:04:12.224Z] > authorizing via signed-in user (kdnhyk@gmail.com)
[debug] [2023-05-24T17:04:12.225Z] [iam] checking project sunys-1dcf2 for permissions ["firebase.projects.get","firebasehosting.sites.update"]
[debug] [2023-05-24T17:04:12.225Z] >>> [apiv2][query] POST https://cloudresourcemanager.googleapis.com/v1/projects/sunys-1dcf2:testIamPermissions [none]
[debug] [2023-05-24T17:04:12.226Z] >>> [apiv2][(partial)header] POST https://cloudresourcemanager.googleapis.com/v1/projects/sunys-1dcf2:testIamPermissions x-goog-quota-user=projects/sunys-1dcf2
[debug] [2023-05-24T17:04:12.226Z] >>> [apiv2][body] POST https://cloudresourcemanager.googleapis.com/v1/projects/sunys-1dcf2:testIamPermissions {"permissions":["firebase.projects.get","firebasehosting.sites.update"]}
[debug] [2023-05-24T17:04:13.009Z] <<< [apiv2][status] POST https://cloudresourcemanager.googleapis.com/v1/projects/sunys-1dcf2:testIamPermissions 200
[debug] [2023-05-24T17:04:13.009Z] <<< [apiv2][body] POST https://cloudresourcemanager.googleapis.com/v1/projects/sunys-1dcf2:testIamPermissions {"permissions":["firebase.projects.get","firebasehosting.sites.update"]}
[debug] [2023-05-24T17:04:13.010Z] >>> [apiv2][query] GET https://firebase.googleapis.com/v1beta1/projects/sunys-1dcf2 [none]
[debug] [2023-05-24T17:04:13.479Z] <<< [apiv2][status] GET https://firebase.googleapis.com/v1beta1/projects/sunys-1dcf2 200
[debug] [2023-05-24T17:04:13.479Z] <<< [apiv2][body] GET https://firebase.googleapis.com/v1beta1/projects/sunys-1dcf2 {"projectId":"sunys-1dcf2","projectNumber":"204419417266","displayName":"sunys","name":"projects/sunys-1dcf2","resources":{"hostingSite":"sunys-1dcf2","storageBucket":"sunys-1dcf2.appspot.com","locationId":"asia-northeast3"},"state":"ACTIVE","etag":"1_c33d8735-7848-4598-ab88-1c1cf0993722"}
[debug] [2023-05-24T17:04:14.586Z] >>> [apiv2][query] GET https://firebasehosting.googleapis.com/v1beta1/projects/sunys-1dcf2/sites pageToken=&pageSize=10
[debug] [2023-05-24T17:04:15.482Z] <<< [apiv2][status] GET https://firebasehosting.googleapis.com/v1beta1/projects/sunys-1dcf2/sites 200
[debug] [2023-05-24T17:04:15.483Z] <<< [apiv2][body] GET https://firebasehosting.googleapis.com/v1beta1/projects/sunys-1dcf2/sites {"sites":[{"name":"projects/sunys-1dcf2/sites/sunys","defaultUrl":"https://sunys.web.app","appId":"1:204419417266:web:2147deea7ba841604835ab","type":"USER_SITE"},{"name":"projects/sunys-1dcf2/sites/sunys-1dcf2","defaultUrl":"https://sunys-1dcf2.web.app","type":"DEFAULT_SITE"}]}
[debug] [2023-05-24T17:04:15.484Z] >>> [apiv2][query] GET https://firebasehosting.googleapis.com/v1beta1/projects/sunys-1dcf2/sites 
[debug] [2023-05-24T17:04:15.911Z] <<< [apiv2][status] GET https://firebasehosting.googleapis.com/v1beta1/projects/sunys-1dcf2/sites 200
[debug] [2023-05-24T17:04:15.911Z] <<< [apiv2][body] GET https://firebasehosting.googleapis.com/v1beta1/projects/sunys-1dcf2/sites {"sites":[{"name":"projects/sunys-1dcf2/sites/sunys","defaultUrl":"https://sunys.web.app","appId":"1:204419417266:web:2147deea7ba841604835ab","type":"USER_SITE"},{"name":"projects/sunys-1dcf2/sites/sunys-1dcf2","defaultUrl":"https://sunys-1dcf2.web.app","type":"DEFAULT_SITE"}]}
[debug] [2023-05-24T17:04:15.912Z] >>> [apiv2][query] GET https://firebase.googleapis.com/v1beta1/projects/sunys-1dcf2/webApps/-/config [none]
[debug] [2023-05-24T17:04:16.913Z] <<< [apiv2][status] GET https://firebase.googleapis.com/v1beta1/projects/sunys-1dcf2/webApps/-/config 200
[debug] [2023-05-24T17:04:16.913Z] <<< [apiv2][body] GET https://firebase.googleapis.com/v1beta1/projects/sunys-1dcf2/webApps/-/config {"projectId":"sunys-1dcf2","appId":"1:204419417266:web:2147deea7ba841604835ab","storageBucket":"sunys-1dcf2.appspot.com","locationId":"asia-northeast3","apiKey":"AIzaSyArv5MeJtmxzAbXc8jOSIpRBw6t2_FxvDo","authDomain":"sunys-1dcf2.firebaseapp.com","messagingSenderId":"204419417266","measurementId":"G-WGCBPFZP36"}
[warn] ⚠  This integration expects Node version 16, 18, or 20. You're running version 19, problems may be encountered. 
[debug] [2023-05-24T17:04:46.621Z] > command requires scopes: ["email","openid","https://www.googleapis.com/auth/cloudplatformprojects.readonly","https://www.googleapis.com/auth/firebase","https://www.googleapis.com/auth/cloud-platform"]
[debug] [2023-05-24T17:04:46.622Z] > authorizing via signed-in user (kdnhyk@gmail.com)
[debug] [2023-05-24T17:04:46.623Z] [iam] checking project sunys-1dcf2 for permissions ["cloudfunctions.functions.create","cloudfunctions.functions.delete","cloudfunctions.functions.get","cloudfunctions.functions.list","cloudfunctions.functions.update","cloudfunctions.operations.get","firebase.projects.get"]
[debug] [2023-05-24T17:04:46.624Z] >>> [apiv2][query] POST https://cloudresourcemanager.googleapis.com/v1/projects/sunys-1dcf2:testIamPermissions [none]
[debug] [2023-05-24T17:04:46.624Z] >>> [apiv2][(partial)header] POST https://cloudresourcemanager.googleapis.com/v1/projects/sunys-1dcf2:testIamPermissions x-goog-quota-user=projects/sunys-1dcf2
[debug] [2023-05-24T17:04:46.624Z] >>> [apiv2][body] POST https://cloudresourcemanager.googleapis.com/v1/projects/sunys-1dcf2:testIamPermissions {"permissions":["cloudfunctions.functions.create","cloudfunctions.functions.delete","cloudfunctions.functions.get","cloudfunctions.functions.list","cloudfunctions.functions.update","cloudfunctions.operations.get","firebase.projects.get"]}
[debug] [2023-05-24T17:04:47.451Z] <<< [apiv2][status] POST https://cloudresourcemanager.googleapis.com/v1/projects/sunys-1dcf2:testIamPermissions 200
[debug] [2023-05-24T17:04:47.451Z] <<< [apiv2][body] POST https://cloudresourcemanager.googleapis.com/v1/projects/sunys-1dcf2:testIamPermissions {"permissions":["cloudfunctions.functions.create","cloudfunctions.functions.delete","cloudfunctions.functions.get","cloudfunctions.functions.list","cloudfunctions.functions.update","cloudfunctions.operations.get","firebase.projects.get"]}
[info] 
[info] === Deploying to 'sunys-1dcf2'...
[info] 
[info] i  deploying functions, hosting 
[debug] [2023-05-24T17:04:47.452Z] >>> [apiv2][query] GET https://firebase.googleapis.com/v1beta1/projects/sunys-1dcf2 [none]
[debug] [2023-05-24T17:04:47.946Z] <<< [apiv2][status] GET https://firebase.googleapis.com/v1beta1/projects/sunys-1dcf2 200
[debug] [2023-05-24T17:04:47.946Z] <<< [apiv2][body] GET https://firebase.googleapis.com/v1beta1/projects/sunys-1dcf2 {"projectId":"sunys-1dcf2","projectNumber":"204419417266","displayName":"sunys","name":"projects/sunys-1dcf2","resources":{"hostingSite":"sunys-1dcf2","storageBucket":"sunys-1dcf2.appspot.com","locationId":"asia-northeast3"},"state":"ACTIVE","etag":"1_c33d8735-7848-4598-ab88-1c1cf0993722"}
[info] i  functions: preparing codebase firebase-frameworks-sunys-1dcf2 for deployment 
[info] i  functions: ensuring required API cloudfunctions.googleapis.com is enabled... 
[info] i  functions: ensuring required API cloudbuild.googleapis.com is enabled... 
[info] i  artifactregistry: ensuring required API artifactregistry.googleapis.com is enabled... 
[debug] [2023-05-24T17:04:47.947Z] >>> [apiv2][query] GET https://serviceusage.googleapis.com/v1/projects/sunys-1dcf2/services/cloudfunctions.googleapis.com [none]
[debug] [2023-05-24T17:04:47.947Z] >>> [apiv2][(partial)header] GET https://serviceusage.googleapis.com/v1/projects/sunys-1dcf2/services/cloudfunctions.googleapis.com x-goog-quota-user=projects/sunys-1dcf2
[debug] [2023-05-24T17:04:47.948Z] >>> [apiv2][query] GET https://serviceusage.googleapis.com/v1/projects/sunys-1dcf2/services/runtimeconfig.googleapis.com [none]
[debug] [2023-05-24T17:04:47.949Z] >>> [apiv2][(partial)header] GET https://serviceusage.googleapis.com/v1/projects/sunys-1dcf2/services/runtimeconfig.googleapis.com x-goog-quota-user=projects/sunys-1dcf2
[debug] [2023-05-24T17:04:47.950Z] >>> [apiv2][query] GET https://serviceusage.googleapis.com/v1/projects/sunys-1dcf2/services/cloudbuild.googleapis.com [none]
[debug] [2023-05-24T17:04:47.950Z] >>> [apiv2][(partial)header] GET https://serviceusage.googleapis.com/v1/projects/sunys-1dcf2/services/cloudbuild.googleapis.com x-goog-quota-user=projects/sunys-1dcf2
[debug] [2023-05-24T17:04:47.951Z] >>> [apiv2][query] GET https://serviceusage.googleapis.com/v1/projects/sunys-1dcf2/services/artifactregistry.googleapis.com [none]
[debug] [2023-05-24T17:04:47.952Z] >>> [apiv2][(partial)header] GET https://serviceusage.googleapis.com/v1/projects/sunys-1dcf2/services/artifactregistry.googleapis.com x-goog-quota-user=projects/sunys-1dcf2
[debug] [2023-05-24T17:04:49.206Z] <<< [apiv2][status] GET https://serviceusage.googleapis.com/v1/projects/sunys-1dcf2/services/cloudbuild.googleapis.com 200
[debug] [2023-05-24T17:04:49.206Z] <<< [apiv2][body] GET https://serviceusage.googleapis.com/v1/projects/sunys-1dcf2/services/cloudbuild.googleapis.com [omitted]
[warn] ⚠  functions: missing required API cloudbuild.googleapis.com. Enabling now... 
[debug] [2023-05-24T17:04:49.207Z] >>> [apiv2][query] POST https://serviceusage.googleapis.com/v1/projects/sunys-1dcf2/services/cloudbuild.googleapis.com:enable [none]
[debug] [2023-05-24T17:04:49.207Z] >>> [apiv2][(partial)header] POST https://serviceusage.googleapis.com/v1/projects/sunys-1dcf2/services/cloudbuild.googleapis.com:enable x-goog-quota-user=projects/sunys-1dcf2
[debug] [2023-05-24T17:04:49.210Z] <<< [apiv2][status] GET https://serviceusage.googleapis.com/v1/projects/sunys-1dcf2/services/cloudfunctions.googleapis.com 200
[debug] [2023-05-24T17:04:49.210Z] <<< [apiv2][body] GET https://serviceusage.googleapis.com/v1/projects/sunys-1dcf2/services/cloudfunctions.googleapis.com [omitted]
[info] ✔  functions: required API cloudfunctions.googleapis.com is enabled 
[debug] [2023-05-24T17:04:49.219Z] <<< [apiv2][status] GET https://serviceusage.googleapis.com/v1/projects/sunys-1dcf2/services/runtimeconfig.googleapis.com 200
[debug] [2023-05-24T17:04:49.219Z] <<< [apiv2][body] GET https://serviceusage.googleapis.com/v1/projects/sunys-1dcf2/services/runtimeconfig.googleapis.com [omitted]
[debug] [2023-05-24T17:04:49.259Z] <<< [apiv2][status] GET https://serviceusage.googleapis.com/v1/projects/sunys-1dcf2/services/artifactregistry.googleapis.com 200
[debug] [2023-05-24T17:04:49.259Z] <<< [apiv2][body] GET https://serviceusage.googleapis.com/v1/projects/sunys-1dcf2/services/artifactregistry.googleapis.com [omitted]
[warn] ⚠  artifactregistry: missing required API artifactregistry.googleapis.com. Enabling now... 
[debug] [2023-05-24T17:04:49.260Z] >>> [apiv2][query] POST https://serviceusage.googleapis.com/v1/projects/sunys-1dcf2/services/artifactregistry.googleapis.com:enable [none]
[debug] [2023-05-24T17:04:49.260Z] >>> [apiv2][(partial)header] POST https://serviceusage.googleapis.com/v1/projects/sunys-1dcf2/services/artifactregistry.googleapis.com:enable x-goog-quota-user=projects/sunys-1dcf2
[debug] [2023-05-24T17:04:49.680Z] <<< [apiv2][status] POST https://serviceusage.googleapis.com/v1/projects/sunys-1dcf2/services/cloudbuild.googleapis.com:enable 200
[debug] [2023-05-24T17:04:49.680Z] <<< [apiv2][body] POST https://serviceusage.googleapis.com/v1/projects/sunys-1dcf2/services/cloudbuild.googleapis.com:enable [omitted]
[debug] [2023-05-24T17:04:49.749Z] <<< [apiv2][status] POST https://serviceusage.googleapis.com/v1/projects/sunys-1dcf2/services/artifactregistry.googleapis.com:enable 200
[debug] [2023-05-24T17:04:49.749Z] <<< [apiv2][body] POST https://serviceusage.googleapis.com/v1/projects/sunys-1dcf2/services/artifactregistry.googleapis.com:enable [omitted]
[debug] [2023-05-24T17:04:59.682Z] >>> [apiv2][query] GET https://serviceusage.googleapis.com/v1/projects/sunys-1dcf2/services/cloudbuild.googleapis.com [none]
[debug] [2023-05-24T17:04:59.683Z] >>> [apiv2][(partial)header] GET https://serviceusage.googleapis.com/v1/projects/sunys-1dcf2/services/cloudbuild.googleapis.com x-goog-quota-user=projects/sunys-1dcf2
[debug] [2023-05-24T17:04:59.751Z] >>> [apiv2][query] GET https://serviceusage.googleapis.com/v1/projects/sunys-1dcf2/services/artifactregistry.googleapis.com [none]
[debug] [2023-05-24T17:04:59.752Z] >>> [apiv2][(partial)header] GET https://serviceusage.googleapis.com/v1/projects/sunys-1dcf2/services/artifactregistry.googleapis.com x-goog-quota-user=projects/sunys-1dcf2
[debug] [2023-05-24T17:05:00.846Z] <<< [apiv2][status] GET https://serviceusage.googleapis.com/v1/projects/sunys-1dcf2/services/cloudbuild.googleapis.com 200
[debug] [2023-05-24T17:05:00.846Z] <<< [apiv2][body] GET https://serviceusage.googleapis.com/v1/projects/sunys-1dcf2/services/cloudbuild.googleapis.com [omitted]
[info] i  functions: waiting for API cloudbuild.googleapis.com to activate... 
[debug] [2023-05-24T17:05:00.869Z] <<< [apiv2][status] GET https://serviceusage.googleapis.com/v1/projects/sunys-1dcf2/services/artifactregistry.googleapis.com 200
[debug] [2023-05-24T17:05:00.869Z] <<< [apiv2][body] GET https://serviceusage.googleapis.com/v1/projects/sunys-1dcf2/services/artifactregistry.googleapis.com [omitted]
[info] ✔  artifactregistry: required API artifactregistry.googleapis.com is enabled 
[debug] [2023-05-24T17:05:10.849Z] >>> [apiv2][query] GET https://serviceusage.googleapis.com/v1/projects/sunys-1dcf2/services/cloudbuild.googleapis.com [none]
[debug] [2023-05-24T17:05:10.849Z] >>> [apiv2][(partial)header] GET https://serviceusage.googleapis.com/v1/projects/sunys-1dcf2/services/cloudbuild.googleapis.com x-goog-quota-user=projects/sunys-1dcf2
[debug] [2023-05-24T17:05:11.978Z] <<< [apiv2][status] GET https://serviceusage.googleapis.com/v1/projects/sunys-1dcf2/services/cloudbuild.googleapis.com 200
[debug] [2023-05-24T17:05:11.978Z] <<< [apiv2][body] GET https://serviceusage.googleapis.com/v1/projects/sunys-1dcf2/services/cloudbuild.googleapis.com [omitted]
[info] ✔  functions: required API cloudbuild.googleapis.com is enabled 
[debug] [2023-05-24T17:05:11.982Z] >>> [apiv2][query] GET https://firebase.googleapis.com/v1beta1/projects/sunys-1dcf2/adminSdkConfig [none]
[debug] [2023-05-24T17:05:12.412Z] <<< [apiv2][status] GET https://firebase.googleapis.com/v1beta1/projects/sunys-1dcf2/adminSdkConfig 200
[debug] [2023-05-24T17:05:12.413Z] <<< [apiv2][body] GET https://firebase.googleapis.com/v1beta1/projects/sunys-1dcf2/adminSdkConfig {"projectId":"sunys-1dcf2","storageBucket":"sunys-1dcf2.appspot.com","locationId":"asia-northeast3"}
[debug] [2023-05-24T17:05:12.414Z] >>> [apiv2][query] GET https://runtimeconfig.googleapis.com/v1beta1/projects/sunys-1dcf2/configs [none]
[debug] [2023-05-24T17:05:12.883Z] <<< [apiv2][status] GET https://runtimeconfig.googleapis.com/v1beta1/projects/sunys-1dcf2/configs 200
[debug] [2023-05-24T17:05:12.883Z] <<< [apiv2][body] GET https://runtimeconfig.googleapis.com/v1beta1/projects/sunys-1dcf2/configs {}
[debug] [2023-05-24T17:05:12.886Z] Validating nodejs source
[debug] [2023-05-24T17:05:13.334Z] > [functions] package.json contents: {
  "main": "server.js",
  "dependencies": {
    "firebase-frameworks": "^0.10.1",
    "firebase-functions": "^4.3.0",
    "firebase-admin": "^11.0.1"
  },
  "engines": {
    "node": "18"
  }
}
[debug] [2023-05-24T17:05:13.334Z] Building nodejs source
[debug] [2023-05-24T17:05:13.335Z] Could not find functions.yaml. Must use http discovery
[debug] [2023-05-24T17:05:13.339Z] Found firebase-functions binary at '/Users/kdnhyk/Desktop/SUNYS/sunys/.firebase/sunys-1dcf2/functions/node_modules/.bin/firebase-functions'
[debug] [2023-05-24T17:05:13.669Z] Serving at port 8335

[debug] [2023-05-24T17:05:13.762Z] Got response from /__/functions.yaml {"endpoints":{"ssrsunys1dcf2":{"availableMemoryMb":null,"timeoutSeconds":null,"minInstances":null,"maxInstances":null,"ingressSettings":null,"concurrency":null,"serviceAccountEmail":null,"vpc":null,"platform":"gcfv2","region":["asia-east1"],"labels":{},"httpsTrigger":{},"entryPoint":"ssrsunys1dcf2"}},"specVersion":"v1alpha1","requiredAPIs":[]}
[debug] [2023-05-24T17:05:13.766Z] shutdown requested via /__/quitquitquit

[info] i  functions: Loaded environment variables from .env. 
[info] i  functions: preparing .firebase/sunys-1dcf2/functions directory for uploading... 
[info] i  functions: packaged /Users/kdnhyk/Desktop/SUNYS/sunys/.firebase/sunys-1dcf2/functions (41.52 KB) for uploading 
[debug] [2023-05-24T17:05:13.787Z] >>> [apiv2][query] GET https://cloudfunctions.googleapis.com/v1/projects/sunys-1dcf2/locations/-/functions [none]
[debug] [2023-05-24T17:05:14.490Z] <<< [apiv2][status] GET https://cloudfunctions.googleapis.com/v1/projects/sunys-1dcf2/locations/-/functions 200
[debug] [2023-05-24T17:05:14.490Z] <<< [apiv2][body] GET https://cloudfunctions.googleapis.com/v1/projects/sunys-1dcf2/locations/-/functions {}
[debug] [2023-05-24T17:05:14.492Z] >>> [apiv2][query] GET https://cloudfunctions.googleapis.com/v2/projects/sunys-1dcf2/locations/-/functions filter=environment%3D%22GEN_2%22
[debug] [2023-05-24T17:05:15.861Z] <<< [apiv2][status] GET https://cloudfunctions.googleapis.com/v2/projects/sunys-1dcf2/locations/-/functions 200
[debug] [2023-05-24T17:05:15.861Z] <<< [apiv2][body] GET https://cloudfunctions.googleapis.com/v2/projects/sunys-1dcf2/locations/-/functions {}
[info] i  functions: ensuring required API run.googleapis.com is enabled... 
[info] i  functions: ensuring required API eventarc.googleapis.com is enabled... 
[info] i  functions: ensuring required API pubsub.googleapis.com is enabled... 
[info] i  functions: ensuring required API storage.googleapis.com is enabled... 
[debug] [2023-05-24T17:05:15.869Z] >>> [apiv2][query] GET https://serviceusage.googleapis.com/v1/projects/sunys-1dcf2/services/run.googleapis.com [none]
[debug] [2023-05-24T17:05:15.869Z] >>> [apiv2][(partial)header] GET https://serviceusage.googleapis.com/v1/projects/sunys-1dcf2/services/run.googleapis.com x-goog-quota-user=projects/sunys-1dcf2
[debug] [2023-05-24T17:05:15.870Z] >>> [apiv2][query] GET https://serviceusage.googleapis.com/v1/projects/sunys-1dcf2/services/eventarc.googleapis.com [none]
[debug] [2023-05-24T17:05:15.870Z] >>> [apiv2][(partial)header] GET https://serviceusage.googleapis.com/v1/projects/sunys-1dcf2/services/eventarc.googleapis.com x-goog-quota-user=projects/sunys-1dcf2
[debug] [2023-05-24T17:05:15.871Z] >>> [apiv2][query] GET https://serviceusage.googleapis.com/v1/projects/sunys-1dcf2/services/pubsub.googleapis.com [none]
[debug] [2023-05-24T17:05:15.871Z] >>> [apiv2][(partial)header] GET https://serviceusage.googleapis.com/v1/projects/sunys-1dcf2/services/pubsub.googleapis.com x-goog-quota-user=projects/sunys-1dcf2
[debug] [2023-05-24T17:05:15.872Z] >>> [apiv2][query] GET https://serviceusage.googleapis.com/v1/projects/sunys-1dcf2/services/storage.googleapis.com [none]
[debug] [2023-05-24T17:05:15.872Z] >>> [apiv2][(partial)header] GET https://serviceusage.googleapis.com/v1/projects/sunys-1dcf2/services/storage.googleapis.com x-goog-quota-user=projects/sunys-1dcf2
[debug] [2023-05-24T17:05:16.231Z] <<< [apiv2][status] GET https://serviceusage.googleapis.com/v1/projects/sunys-1dcf2/services/run.googleapis.com 200
[debug] [2023-05-24T17:05:16.232Z] <<< [apiv2][body] GET https://serviceusage.googleapis.com/v1/projects/sunys-1dcf2/services/run.googleapis.com [omitted]
[warn] ⚠  functions: missing required API run.googleapis.com. Enabling now... 
[debug] [2023-05-24T17:05:16.232Z] >>> [apiv2][query] POST https://serviceusage.googleapis.com/v1/projects/sunys-1dcf2/services/run.googleapis.com:enable [none]
[debug] [2023-05-24T17:05:16.232Z] >>> [apiv2][(partial)header] POST https://serviceusage.googleapis.com/v1/projects/sunys-1dcf2/services/run.googleapis.com:enable x-goog-quota-user=projects/sunys-1dcf2
[debug] [2023-05-24T17:05:16.982Z] <<< [apiv2][status] GET https://serviceusage.googleapis.com/v1/projects/sunys-1dcf2/services/eventarc.googleapis.com 200
[debug] [2023-05-24T17:05:16.982Z] <<< [apiv2][body] GET https://serviceusage.googleapis.com/v1/projects/sunys-1dcf2/services/eventarc.googleapis.com [omitted]
[warn] ⚠  functions: missing required API eventarc.googleapis.com. Enabling now... 
[debug] [2023-05-24T17:05:16.982Z] >>> [apiv2][query] POST https://serviceusage.googleapis.com/v1/projects/sunys-1dcf2/services/eventarc.googleapis.com:enable [none]
[debug] [2023-05-24T17:05:16.983Z] >>> [apiv2][(partial)header] POST https://serviceusage.googleapis.com/v1/projects/sunys-1dcf2/services/eventarc.googleapis.com:enable x-goog-quota-user=projects/sunys-1dcf2
[debug] [2023-05-24T17:05:16.986Z] <<< [apiv2][status] GET https://serviceusage.googleapis.com/v1/projects/sunys-1dcf2/services/pubsub.googleapis.com 200
[debug] [2023-05-24T17:05:16.986Z] <<< [apiv2][body] GET https://serviceusage.googleapis.com/v1/projects/sunys-1dcf2/services/pubsub.googleapis.com [omitted]
[info] ✔  functions: required API pubsub.googleapis.com is enabled 
[debug] [2023-05-24T17:05:17.013Z] <<< [apiv2][status] GET https://serviceusage.googleapis.com/v1/projects/sunys-1dcf2/services/storage.googleapis.com 200
[debug] [2023-05-24T17:05:17.013Z] <<< [apiv2][body] GET https://serviceusage.googleapis.com/v1/projects/sunys-1dcf2/services/storage.googleapis.com [omitted]
[info] ✔  functions: required API storage.googleapis.com is enabled 
[debug] [2023-05-24T17:05:17.242Z] <<< [apiv2][status] POST https://serviceusage.googleapis.com/v1/projects/sunys-1dcf2/services/run.googleapis.com:enable 200
[debug] [2023-05-24T17:05:17.242Z] <<< [apiv2][body] POST https://serviceusage.googleapis.com/v1/projects/sunys-1dcf2/services/run.googleapis.com:enable [omitted]
[debug] [2023-05-24T17:05:17.390Z] <<< [apiv2][status] POST https://serviceusage.googleapis.com/v1/projects/sunys-1dcf2/services/eventarc.googleapis.com:enable 200
[debug] [2023-05-24T17:05:17.390Z] <<< [apiv2][body] POST https://serviceusage.googleapis.com/v1/projects/sunys-1dcf2/services/eventarc.googleapis.com:enable [omitted]
[debug] [2023-05-24T17:05:27.243Z] >>> [apiv2][query] GET https://serviceusage.googleapis.com/v1/projects/sunys-1dcf2/services/run.googleapis.com [none]
[debug] [2023-05-24T17:05:27.244Z] >>> [apiv2][(partial)header] GET https://serviceusage.googleapis.com/v1/projects/sunys-1dcf2/services/run.googleapis.com x-goog-quota-user=projects/sunys-1dcf2
[debug] [2023-05-24T17:05:27.392Z] >>> [apiv2][query] GET https://serviceusage.googleapis.com/v1/projects/sunys-1dcf2/services/eventarc.googleapis.com [none]
[debug] [2023-05-24T17:05:27.392Z] >>> [apiv2][(partial)header] GET https://serviceusage.googleapis.com/v1/projects/sunys-1dcf2/services/eventarc.googleapis.com x-goog-quota-user=projects/sunys-1dcf2
[debug] [2023-05-24T17:05:28.492Z] <<< [apiv2][status] GET https://serviceusage.googleapis.com/v1/projects/sunys-1dcf2/services/run.googleapis.com 200
[debug] [2023-05-24T17:05:28.492Z] <<< [apiv2][body] GET https://serviceusage.googleapis.com/v1/projects/sunys-1dcf2/services/run.googleapis.com [omitted]
[info] ✔  functions: required API run.googleapis.com is enabled 
[debug] [2023-05-24T17:05:28.534Z] <<< [apiv2][status] GET https://serviceusage.googleapis.com/v1/projects/sunys-1dcf2/services/eventarc.googleapis.com 200
[debug] [2023-05-24T17:05:28.534Z] <<< [apiv2][body] GET https://serviceusage.googleapis.com/v1/projects/sunys-1dcf2/services/eventarc.googleapis.com [omitted]
[info] ✔  functions: required API eventarc.googleapis.com is enabled 
[info] i  functions: generating the service identity for pubsub.googleapis.com... 
[info] i  functions: generating the service identity for eventarc.googleapis.com... 
[debug] [2023-05-24T17:05:28.536Z] >>> [apiv2][query] POST https://serviceusage.googleapis.com/v1beta1/projects/204419417266/services/pubsub.googleapis.com:generateServiceIdentity [none]
[debug] [2023-05-24T17:05:28.537Z] >>> [apiv2][query] POST https://serviceusage.googleapis.com/v1beta1/projects/204419417266/services/eventarc.googleapis.com:generateServiceIdentity [none]
[debug] [2023-05-24T17:05:28.930Z] <<< [apiv2][status] POST https://serviceusage.googleapis.com/v1beta1/projects/204419417266/services/pubsub.googleapis.com:generateServiceIdentity 200
[debug] [2023-05-24T17:05:28.930Z] <<< [apiv2][body] POST https://serviceusage.googleapis.com/v1beta1/projects/204419417266/services/pubsub.googleapis.com:generateServiceIdentity {"name":"operations/finished.DONE_OPERATION","done":true,"response":{"@type":"type.googleapis.com/google.api.serviceusage.v1beta1.ServiceIdentity","email":"service-204419417266@gcp-sa-pubsub.iam.gserviceaccount.com","uniqueId":"106834873864820233977"}}
[debug] [2023-05-24T17:05:29.026Z] <<< [apiv2][status] POST https://serviceusage.googleapis.com/v1beta1/projects/204419417266/services/eventarc.googleapis.com:generateServiceIdentity 200
[debug] [2023-05-24T17:05:29.026Z] <<< [apiv2][body] POST https://serviceusage.googleapis.com/v1beta1/projects/204419417266/services/eventarc.googleapis.com:generateServiceIdentity {"name":"operations/finished.DONE_OPERATION","done":true,"response":{"@type":"type.googleapis.com/google.api.serviceusage.v1beta1.ServiceIdentity","email":"service-204419417266@gcp-sa-eventarc.iam.gserviceaccount.com","uniqueId":"108615427723185919088"}}
[debug] [2023-05-24T17:05:29.028Z] >>> [apiv2][query] GET https://firebase.googleapis.com/v1beta1/projects/sunys-1dcf2 [none]
[debug] [2023-05-24T17:05:29.467Z] <<< [apiv2][status] GET https://firebase.googleapis.com/v1beta1/projects/sunys-1dcf2 200
[debug] [2023-05-24T17:05:29.467Z] <<< [apiv2][body] GET https://firebase.googleapis.com/v1beta1/projects/sunys-1dcf2 {"projectId":"sunys-1dcf2","projectNumber":"204419417266","displayName":"sunys","name":"projects/sunys-1dcf2","resources":{"hostingSite":"sunys-1dcf2","storageBucket":"sunys-1dcf2.appspot.com","locationId":"asia-northeast3"},"state":"ACTIVE","etag":"1_c33d8735-7848-4598-ab88-1c1cf0993722"}
[debug] [2023-05-24T17:05:29.471Z] >>> [apiv2][query] POST https://firebasehosting.googleapis.com/v1beta1/projects/-/sites/sunys-1dcf2/versions [none]
[debug] [2023-05-24T17:05:29.471Z] >>> [apiv2][body] POST https://firebasehosting.googleapis.com/v1beta1/projects/-/sites/sunys-1dcf2/versions {"status":"CREATED","labels":{"deployment-tool":"cli-firebase","firebase-web-framework":"next_ssr"}}
[debug] [2023-05-24T17:05:30.434Z] <<< [apiv2][status] POST https://firebasehosting.googleapis.com/v1beta1/projects/-/sites/sunys-1dcf2/versions 200
[debug] [2023-05-24T17:05:30.435Z] <<< [apiv2][body] POST https://firebasehosting.googleapis.com/v1beta1/projects/-/sites/sunys-1dcf2/versions {"name":"projects/204419417266/sites/sunys-1dcf2/versions/ca3b1258675a3295","status":"CREATED","config":{},"labels":{"deployment-tool":"cli-firebase","firebase-web-framework":"next_ssr"}}
[debug] [2023-05-24T17:05:30.436Z] [functions] found 1 new HTTP functions, testing setIamPolicy permission...
[debug] [2023-05-24T17:05:30.436Z] >>> [apiv2][query] POST https://cloudresourcemanager.googleapis.com/v1/projects/sunys-1dcf2:testIamPermissions [none]
[debug] [2023-05-24T17:05:30.436Z] >>> [apiv2][(partial)header] POST https://cloudresourcemanager.googleapis.com/v1/projects/sunys-1dcf2:testIamPermissions x-goog-quota-user=projects/sunys-1dcf2
[debug] [2023-05-24T17:05:30.436Z] >>> [apiv2][body] POST https://cloudresourcemanager.googleapis.com/v1/projects/sunys-1dcf2:testIamPermissions {"permissions":["cloudfunctions.functions.setIamPolicy"]}
[debug] [2023-05-24T17:05:31.169Z] <<< [apiv2][status] POST https://cloudresourcemanager.googleapis.com/v1/projects/sunys-1dcf2:testIamPermissions 200
[debug] [2023-05-24T17:05:31.169Z] <<< [apiv2][body] POST https://cloudresourcemanager.googleapis.com/v1/projects/sunys-1dcf2:testIamPermissions {"permissions":["cloudfunctions.functions.setIamPolicy"]}
[debug] [2023-05-24T17:05:31.170Z] [functions] found setIamPolicy permission, proceeding with deploy
[debug] [2023-05-24T17:05:31.170Z] >>> [apiv2][query] POST https://cloudfunctions.googleapis.com/v2/projects/sunys-1dcf2/locations/asia-east1/functions:generateUploadUrl [none]
[debug] [2023-05-24T17:05:34.794Z] <<< [apiv2][status] POST https://cloudfunctions.googleapis.com/v2/projects/sunys-1dcf2/locations/asia-east1/functions:generateUploadUrl 200
[debug] [2023-05-24T17:05:34.795Z] <<< [apiv2][body] POST https://cloudfunctions.googleapis.com/v2/projects/sunys-1dcf2/locations/asia-east1/functions:generateUploadUrl {"uploadUrl":"https://storage.googleapis.com/gcf-v2-uploads-204419417266-asia-east1/1dccd491-0d6b-456b-b183-98e5446f707e.zip?GoogleAccessId=service-204419417266@gcf-admin-robot.iam.gserviceaccount.com&Expires=1684949734&Signature=srXCUXSmc0V4SMV6T72rcm9clztD5pK2%2FNwneF5eIJPMlxobx1KJxm00b47EYHMkFFIbKdy1XeirT9w0Q%2Bwzba6i994rArSov4Q3C9IXuY8bcxIY7M7Y0kZt%2FHlOOW%2FXLy2Ywi8BAU%2B2xDjJfHmuWTSx0pUB39AJzplj8aSo%2Bp8ftyoFkrPiUpHl5BjgeramynPRZL0HLbxOJEDnxpowCNDqVAWEt1jkbkCZZJkcq79v%2Ba52oN4J21ls9uP62lnEtNS6mooTHBrvtzuH1jV9kysxj6WMVSBPQsDT6b%2FA8EuIuACMpDj7pIwLTbdoDeQ1QgHPZP1HToGYYygT9d%2FSWA%3D%3D","storageSource":{"bucket":"gcf-v2-uploads-204419417266-asia-east1","object":"1dccd491-0d6b-456b-b183-98e5446f707e.zip"}}
[debug] [2023-05-24T17:05:34.796Z] >>> [apiv2][query] PUT https://storage.googleapis.com/gcf-v2-uploads-204419417266-asia-east1/1dccd491-0d6b-456b-b183-98e5446f707e.zip GoogleAccessId=service-204419417266%40gcf-admin-robot.iam.gserviceaccount.com&Expires=1684949734&Signature=srXCUXSmc0V4SMV6T72rcm9clztD5pK2%2FNwneF5eIJPMlxobx1KJxm00b47EYHMkFFIbKdy1XeirT9w0Q%2Bwzba6i994rArSov4Q3C9IXuY8bcxIY7M7Y0kZt%2FHlOOW%2FXLy2Ywi8BAU%2B2xDjJfHmuWTSx0pUB39AJzplj8aSo%2Bp8ftyoFkrPiUpHl5BjgeramynPRZL0HLbxOJEDnxpowCNDqVAWEt1jkbkCZZJkcq79v%2Ba52oN4J21ls9uP62lnEtNS6mooTHBrvtzuH1jV9kysxj6WMVSBPQsDT6b%2FA8EuIuACMpDj7pIwLTbdoDeQ1QgHPZP1HToGYYygT9d%2FSWA%3D%3D
[debug] [2023-05-24T17:05:34.796Z] >>> [apiv2][body] PUT https://storage.googleapis.com/gcf-v2-uploads-204419417266-asia-east1/1dccd491-0d6b-456b-b183-98e5446f707e.zip [stream]
[debug] [2023-05-24T17:05:35.532Z] <<< [apiv2][status] PUT https://storage.googleapis.com/gcf-v2-uploads-204419417266-asia-east1/1dccd491-0d6b-456b-b183-98e5446f707e.zip 200
[debug] [2023-05-24T17:05:35.532Z] <<< [apiv2][body] PUT https://storage.googleapis.com/gcf-v2-uploads-204419417266-asia-east1/1dccd491-0d6b-456b-b183-98e5446f707e.zip [omitted]
[info] ✔  functions: .firebase/sunys-1dcf2/functions folder uploaded successfully 
[info] i  hosting[sunys-1dcf2]: beginning deploy... 
[info] i  hosting[sunys-1dcf2]: found 7 files in public 
[debug] [2023-05-24T17:05:35.542Z] [hosting] uploading with 200 concurrency
[debug] [2023-05-24T17:05:35.543Z] [hosting] hash cache [cHVibGlj] not populated
[debug] [2023-05-24T17:05:35.594Z] [hosting] hash cache [cHVibGlj] stored for 7 files
[debug] [2023-05-24T17:05:35.594Z] [hosting][hash queue][FINAL] {"max":46,"min":2,"avg":9.285714285714286,"active":0,"complete":7,"success":7,"errored":0,"retried":0,"total":7,"elapsed":48}
[debug] [2023-05-24T17:05:35.594Z] >>> [apiv2][query] POST https://firebasehosting.googleapis.com/v1beta1/projects/204419417266/sites/sunys-1dcf2/versions/ca3b1258675a3295:populateFiles [none]
[debug] [2023-05-24T17:05:35.594Z] >>> [apiv2][body] POST https://firebasehosting.googleapis.com/v1beta1/projects/204419417266/sites/sunys-1dcf2/versions/ca3b1258675a3295:populateFiles {"files":{"/robots.txt":"b4c84e8a8b5b63ce64b500dd50276aae7512bcaaeefdd6a7decab4cd85757da6","/logo512.png":"fc3e7e28962316bc43ceaa88b65d80719391bd58c1e6600605285b4b75a35a34","/manifest.json":"7abb44a4e84a3838cdd6a528e2d41a43198d3c62dc3383bddc938c1e97f0b912","/logo192.png":"fc3e7e28962316bc43ceaa88b65d80719391bd58c1e6600605285b4b75a35a34","/SUNYS.png":"bc9e90862ff552fd256b65826ca3ea85500a7119ed5d7980c0ee1c67522173c7","/favicon.ico":"fc3e7e28962316bc43ceaa88b65d80719391bd58c1e6600605285b4b75a35a34","/font/Montserrat-VariableFont_wght.ttf":"df0db69314576185f3e4d7ee78b8eb77edec93eedd77745cc4b7f8323fadaf63"}}
[debug] [2023-05-24T17:05:36.348Z] <<< [apiv2][status] POST https://firebasehosting.googleapis.com/v1beta1/projects/204419417266/sites/sunys-1dcf2/versions/ca3b1258675a3295:populateFiles 200
[debug] [2023-05-24T17:05:36.348Z] <<< [apiv2][body] POST https://firebasehosting.googleapis.com/v1beta1/projects/204419417266/sites/sunys-1dcf2/versions/ca3b1258675a3295:populateFiles {"uploadRequiredHashes":["df0db69314576185f3e4d7ee78b8eb77edec93eedd77745cc4b7f8323fadaf63","b4c84e8a8b5b63ce64b500dd50276aae7512bcaaeefdd6a7decab4cd85757da6","7abb44a4e84a3838cdd6a528e2d41a43198d3c62dc3383bddc938c1e97f0b912","fc3e7e28962316bc43ceaa88b65d80719391bd58c1e6600605285b4b75a35a34","bc9e90862ff552fd256b65826ca3ea85500a7119ed5d7980c0ee1c67522173c7"],"uploadUrl":"https://upload-firebasehosting.googleapis.com/upload/sites/sunys-1dcf2/versions/ca3b1258675a3295/files"}
[debug] [2023-05-24T17:05:36.349Z] >>> [apiv2][query] POST https://upload-firebasehosting.googleapis.com/upload/sites/sunys-1dcf2/versions/ca3b1258675a3295/files/df0db69314576185f3e4d7ee78b8eb77edec93eedd77745cc4b7f8323fadaf63 [none]
[debug] [2023-05-24T17:05:36.349Z] >>> [apiv2][body] POST https://upload-firebasehosting.googleapis.com/upload/sites/sunys-1dcf2/versions/ca3b1258675a3295/files/df0db69314576185f3e4d7ee78b8eb77edec93eedd77745cc4b7f8323fadaf63 [stream]
[debug] [2023-05-24T17:05:36.350Z] >>> [apiv2][query] POST https://upload-firebasehosting.googleapis.com/upload/sites/sunys-1dcf2/versions/ca3b1258675a3295/files/b4c84e8a8b5b63ce64b500dd50276aae7512bcaaeefdd6a7decab4cd85757da6 [none]
[debug] [2023-05-24T17:05:36.350Z] >>> [apiv2][body] POST https://upload-firebasehosting.googleapis.com/upload/sites/sunys-1dcf2/versions/ca3b1258675a3295/files/b4c84e8a8b5b63ce64b500dd50276aae7512bcaaeefdd6a7decab4cd85757da6 [stream]
[debug] [2023-05-24T17:05:36.351Z] >>> [apiv2][query] POST https://upload-firebasehosting.googleapis.com/upload/sites/sunys-1dcf2/versions/ca3b1258675a3295/files/7abb44a4e84a3838cdd6a528e2d41a43198d3c62dc3383bddc938c1e97f0b912 [none]
[debug] [2023-05-24T17:05:36.351Z] >>> [apiv2][body] POST https://upload-firebasehosting.googleapis.com/upload/sites/sunys-1dcf2/versions/ca3b1258675a3295/files/7abb44a4e84a3838cdd6a528e2d41a43198d3c62dc3383bddc938c1e97f0b912 [stream]
[debug] [2023-05-24T17:05:36.351Z] >>> [apiv2][query] POST https://upload-firebasehosting.googleapis.com/upload/sites/sunys-1dcf2/versions/ca3b1258675a3295/files/fc3e7e28962316bc43ceaa88b65d80719391bd58c1e6600605285b4b75a35a34 [none]
[debug] [2023-05-24T17:05:36.351Z] >>> [apiv2][body] POST https://upload-firebasehosting.googleapis.com/upload/sites/sunys-1dcf2/versions/ca3b1258675a3295/files/fc3e7e28962316bc43ceaa88b65d80719391bd58c1e6600605285b4b75a35a34 [stream]
[debug] [2023-05-24T17:05:36.351Z] >>> [apiv2][query] POST https://upload-firebasehosting.googleapis.com/upload/sites/sunys-1dcf2/versions/ca3b1258675a3295/files/bc9e90862ff552fd256b65826ca3ea85500a7119ed5d7980c0ee1c67522173c7 [none]
[debug] [2023-05-24T17:05:36.352Z] >>> [apiv2][body] POST https://upload-firebasehosting.googleapis.com/upload/sites/sunys-1dcf2/versions/ca3b1258675a3295/files/bc9e90862ff552fd256b65826ca3ea85500a7119ed5d7980c0ee1c67522173c7 [stream]
[debug] [2023-05-24T17:05:36.352Z] [hosting][populate queue][FINAL] {"max":756,"min":756,"avg":756,"active":0,"complete":1,"success":1,"errored":0,"retried":0,"total":1,"elapsed":759}
[debug] [2023-05-24T17:05:36.352Z] [hosting] uploads queued: 5
[debug] [2023-05-24T17:05:38.011Z] <<< [apiv2][status] POST https://upload-firebasehosting.googleapis.com/upload/sites/sunys-1dcf2/versions/ca3b1258675a3295/files/7abb44a4e84a3838cdd6a528e2d41a43198d3c62dc3383bddc938c1e97f0b912 200
[debug] [2023-05-24T17:05:38.012Z] <<< [apiv2][body] POST https://upload-firebasehosting.googleapis.com/upload/sites/sunys-1dcf2/versions/ca3b1258675a3295/files/7abb44a4e84a3838cdd6a528e2d41a43198d3c62dc3383bddc938c1e97f0b912 [stream]
[debug] [2023-05-24T17:05:38.434Z] <<< [apiv2][status] POST https://upload-firebasehosting.googleapis.com/upload/sites/sunys-1dcf2/versions/ca3b1258675a3295/files/fc3e7e28962316bc43ceaa88b65d80719391bd58c1e6600605285b4b75a35a34 200
[debug] [2023-05-24T17:05:38.435Z] <<< [apiv2][body] POST https://upload-firebasehosting.googleapis.com/upload/sites/sunys-1dcf2/versions/ca3b1258675a3295/files/fc3e7e28962316bc43ceaa88b65d80719391bd58c1e6600605285b4b75a35a34 [stream]
[debug] [2023-05-24T17:05:38.497Z] <<< [apiv2][status] POST https://upload-firebasehosting.googleapis.com/upload/sites/sunys-1dcf2/versions/ca3b1258675a3295/files/bc9e90862ff552fd256b65826ca3ea85500a7119ed5d7980c0ee1c67522173c7 200
[debug] [2023-05-24T17:05:38.497Z] <<< [apiv2][body] POST https://upload-firebasehosting.googleapis.com/upload/sites/sunys-1dcf2/versions/ca3b1258675a3295/files/bc9e90862ff552fd256b65826ca3ea85500a7119ed5d7980c0ee1c67522173c7 [stream]
[debug] [2023-05-24T17:05:38.513Z] <<< [apiv2][status] POST https://upload-firebasehosting.googleapis.com/upload/sites/sunys-1dcf2/versions/ca3b1258675a3295/files/b4c84e8a8b5b63ce64b500dd50276aae7512bcaaeefdd6a7decab4cd85757da6 200
[debug] [2023-05-24T17:05:38.513Z] <<< [apiv2][body] POST https://upload-firebasehosting.googleapis.com/upload/sites/sunys-1dcf2/versions/ca3b1258675a3295/files/b4c84e8a8b5b63ce64b500dd50276aae7512bcaaeefdd6a7decab4cd85757da6 [stream]
[debug] [2023-05-24T17:05:38.513Z] <<< [apiv2][status] POST https://upload-firebasehosting.googleapis.com/upload/sites/sunys-1dcf2/versions/ca3b1258675a3295/files/df0db69314576185f3e4d7ee78b8eb77edec93eedd77745cc4b7f8323fadaf63 200
[debug] [2023-05-24T17:05:38.514Z] <<< [apiv2][body] POST https://upload-firebasehosting.googleapis.com/upload/sites/sunys-1dcf2/versions/ca3b1258675a3295/files/df0db69314576185f3e4d7ee78b8eb77edec93eedd77745cc4b7f8323fadaf63 [stream]
[debug] [2023-05-24T17:05:38.514Z] [hosting][upload queue][FINAL] {"max":2166,"min":1663,"avg":2045.6,"active":0,"complete":5,"success":5,"errored":0,"retried":0,"total":5,"elapsed":2166}
[info] ✔  hosting[sunys-1dcf2]: file upload complete 
[debug] [2023-05-24T17:05:38.515Z] [hosting] deploy completed after 2980ms
[info] i  functions: creating Node.js 18 (2nd Gen) function firebase-frameworks-sunys-1dcf2:ssrsunys1dcf2(asia-east1)... 
[debug] [2023-05-24T17:05:38.521Z] >>> [apiv2][query] POST https://cloudfunctions.googleapis.com/v2/projects/sunys-1dcf2/locations/asia-east1/functions functionId=ssrsunys1dcf2
[debug] [2023-05-24T17:05:38.521Z] >>> [apiv2][body] POST https://cloudfunctions.googleapis.com/v2/projects/sunys-1dcf2/locations/asia-east1/functions {"name":"projects/sunys-1dcf2/locations/asia-east1/functions/ssrsunys1dcf2","buildConfig":{"runtime":"nodejs18","entryPoint":"ssrsunys1dcf2","source":{"storageSource":{"bucket":"gcf-v2-uploads-204419417266-asia-east1","object":"1dccd491-0d6b-456b-b183-98e5446f707e.zip"}},"environmentVariables":{"GOOGLE_NODE_RUN_SCRIPTS":""}},"serviceConfig":{"environmentVariables":{"__FIREBASE_FRAMEWORKS_ENTRY__":"_devMode","__FIREBASE_DEFAULTS__":"{\"config\":{\"projectId\":\"sunys-1dcf2\",\"appId\":\"1:204419417266:web:2147deea7ba841604835ab\",\"storageBucket\":\"sunys-1dcf2.appspot.com\",\"locationId\":\"asia-northeast3\",\"apiKey\":\"AIzaSyArv5MeJtmxzAbXc8jOSIpRBw6t2_FxvDo\",\"authDomain\":\"sunys-1dcf2.firebaseapp.com\",\"messagingSenderId\":\"204419417266\",\"measurementId\":\"G-WGCBPFZP36\"},\"_authTokenSyncURL\":\"/__session\"}","FIREBASE_CONFIG":"{\"projectId\":\"sunys-1dcf2\",\"storageBucket\":\"sunys-1dcf2.appspot.com\",\"locationId\":\"asia-northeast3\"}","GCLOUD_PROJECT":"sunys-1dcf2","EVENTARC_CLOUD_EVENT_SOURCE":"projects/sunys-1dcf2/locations/asia-east1/services/ssrsunys1dcf2"},"ingressSettings":null,"timeoutSeconds":null,"serviceAccountEmail":null,"availableMemory":"256Mi","minInstanceCount":null,"maxInstanceCount":null,"maxInstanceRequestConcurrency":80,"availableCpu":"1","vpcConnector":null,"vpcConnectorEgressSettings":null},"labels":{"deployment-tool":"cli-firebase","firebase-functions-codebase":"firebase-frameworks-sunys-1dcf2","firebase-functions-hash":"f9af2f58474cb1654c1beb8a0582e23ee5d3b61a"}}
[debug] [2023-05-24T17:05:41.834Z] <<< [apiv2][status] POST https://cloudfunctions.googleapis.com/v2/projects/sunys-1dcf2/locations/asia-east1/functions 200
[debug] [2023-05-24T17:05:41.834Z] <<< [apiv2][body] POST https://cloudfunctions.googleapis.com/v2/projects/sunys-1dcf2/locations/asia-east1/functions {"name":"projects/sunys-1dcf2/locations/asia-east1/operations/operation-1684947938821-5fc73835bc45b-7421668e-1cff8b52","metadata":{"@type":"type.googleapis.com/google.cloud.functions.v2.OperationMetadata","createTime":"2023-05-24T17:05:41.999535225Z","target":"projects/sunys-1dcf2/locations/asia-east1/functions/ssrsunys1dcf2","verb":"create","cancelRequested":false,"apiVersion":"v2"},"done":false}
[debug] [2023-05-24T17:05:41.837Z] >>> [apiv2][query] GET https://cloudfunctions.googleapis.com/v2/projects/sunys-1dcf2/locations/asia-east1/operations/operation-1684947938821-5fc73835bc45b-7421668e-1cff8b52 [none]
[debug] [2023-05-24T17:05:41.959Z] <<< [apiv2][status] GET https://cloudfunctions.googleapis.com/v2/projects/sunys-1dcf2/locations/asia-east1/operations/operation-1684947938821-5fc73835bc45b-7421668e-1cff8b52 200
[debug] [2023-05-24T17:05:41.959Z] <<< [apiv2][body] GET https://cloudfunctions.googleapis.com/v2/projects/sunys-1dcf2/locations/asia-east1/operations/operation-1684947938821-5fc73835bc45b-7421668e-1cff8b52 {"name":"projects/sunys-1dcf2/locations/asia-east1/operations/operation-1684947938821-5fc73835bc45b-7421668e-1cff8b52","metadata":{"@type":"type.googleapis.com/google.cloud.functions.v2.OperationMetadata","createTime":"2023-05-24T17:05:41.999535225Z","target":"projects/sunys-1dcf2/locations/asia-east1/functions/ssrsunys1dcf2","verb":"create","cancelRequested":false,"apiVersion":"v2"},"done":false}
[debug] [2023-05-24T17:05:42.462Z] [create-firebase-frameworks-sunys-1dcf2-asia-east1-ssrsunys1dcf2] Retrying task index 0
[debug] [2023-05-24T17:05:42.463Z] >>> [apiv2][query] GET https://cloudfunctions.googleapis.com/v2/projects/sunys-1dcf2/locations/asia-east1/operations/operation-1684947938821-5fc73835bc45b-7421668e-1cff8b52 [none]
[debug] [2023-05-24T17:05:42.569Z] <<< [apiv2][status] GET https://cloudfunctions.googleapis.com/v2/projects/sunys-1dcf2/locations/asia-east1/operations/operation-1684947938821-5fc73835bc45b-7421668e-1cff8b52 200
[debug] [2023-05-24T17:05:42.570Z] <<< [apiv2][body] GET https://cloudfunctions.googleapis.com/v2/projects/sunys-1dcf2/locations/asia-east1/operations/operation-1684947938821-5fc73835bc45b-7421668e-1cff8b52 {"name":"projects/sunys-1dcf2/locations/asia-east1/operations/operation-1684947938821-5fc73835bc45b-7421668e-1cff8b52","metadata":{"@type":"type.googleapis.com/google.cloud.functions.v2.OperationMetadata","createTime":"2023-05-24T17:05:41.999535225Z","target":"projects/sunys-1dcf2/locations/asia-east1/functions/ssrsunys1dcf2","verb":"create","cancelRequested":false,"apiVersion":"v2","requestResource":{"@type":"type.googleapis.com/google.cloud.functions.v2.Function","name":"projects/sunys-1dcf2/locations/asia-east1/functions/ssrsunys1dcf2","buildConfig":{"runtime":"nodejs18","entryPoint":"ssrsunys1dcf2","source":{"storageSource":{"bucket":"gcf-v2-sources-204419417266-asia-east1","object":"ssrsunys1dcf2/function-source.zip"}},"environmentVariables":{"GOOGLE_NODE_RUN_SCRIPTS":""}},"serviceConfig":{"service":"projects/sunys-1dcf2/locations/asia-east1/services/ssrsunys1dcf2","timeoutSeconds":60,"environmentVariables":{"__FIREBASE_FRAMEWORKS_ENTRY__":"_devMode","__FIREBASE_DEFAULTS__":"{\"config\":{\"projectId\":\"sunys-1dcf2\",\"appId\":\"1:204419417266:web:2147deea7ba841604835ab\",\"storageBucket\":\"sunys-1dcf2.appspot.com\",\"locationId\":\"asia-northeast3\",\"apiKey\":\"AIzaSyArv5MeJtmxzAbXc8jOSIpRBw6t2_FxvDo\",\"authDomain\":\"sunys-1dcf2.firebaseapp.com\",\"messagingSenderId\":\"204419417266\",\"measurementId\":\"G-WGCBPFZP36\"},\"_authTokenSyncURL\":\"/__session\"}","FIREBASE_CONFIG":"{\"projectId\":\"sunys-1dcf2\",\"storageBucket\":\"sunys-1dcf2.appspot.com\",\"locationId\":\"asia-northeast3\"}","GCLOUD_PROJECT":"sunys-1dcf2","EVENTARC_CLOUD_EVENT_SOURCE":"projects/sunys-1dcf2/locations/asia-east1/services/ssrsunys1dcf2"},"maxInstanceCount":100,"ingressSettings":"ALLOW_ALL","serviceAccountEmail":"204419417266-compute@developer.gserviceaccount.com","availableMemory":"256Mi","maxInstanceRequestConcurrency":80,"availableCpu":"1"},"labels":{"deployment-tool":"cli-firebase","firebase-functions-codebase":"firebase-frameworks-sunys-1dcf2","firebase-functions-hash":"f9af2f58474cb1654c1beb8a0582e23ee5d3b61a"},"environment":"GEN_2"},"stages":[{"name":"BUILD","state":"NOT_STARTED"},{"name":"SERVICE","state":"NOT_STARTED"}]},"done":false}
[debug] [2023-05-24T17:05:43.571Z] [create-firebase-frameworks-sunys-1dcf2-asia-east1-ssrsunys1dcf2] Retrying task index 0
[debug] [2023-05-24T17:05:43.572Z] >>> [apiv2][query] GET https://cloudfunctions.googleapis.com/v2/projects/sunys-1dcf2/locations/asia-east1/operations/operation-1684947938821-5fc73835bc45b-7421668e-1cff8b52 [none]
[debug] [2023-05-24T17:05:43.666Z] <<< [apiv2][status] GET https://cloudfunctions.googleapis.com/v2/projects/sunys-1dcf2/locations/asia-east1/operations/operation-1684947938821-5fc73835bc45b-7421668e-1cff8b52 200
[debug] [2023-05-24T17:05:43.667Z] <<< [apiv2][body] GET https://cloudfunctions.googleapis.com/v2/projects/sunys-1dcf2/locations/asia-east1/operations/operation-1684947938821-5fc73835bc45b-7421668e-1cff8b52 {"name":"projects/sunys-1dcf2/locations/asia-east1/operations/operation-1684947938821-5fc73835bc45b-7421668e-1cff8b52","metadata":{"@type":"type.googleapis.com/google.cloud.functions.v2.OperationMetadata","createTime":"2023-05-24T17:05:41.999535225Z","target":"projects/sunys-1dcf2/locations/asia-east1/functions/ssrsunys1dcf2","verb":"create","cancelRequested":false,"apiVersion":"v2","requestResource":{"@type":"type.googleapis.com/google.cloud.functions.v2.Function","name":"projects/sunys-1dcf2/locations/asia-east1/functions/ssrsunys1dcf2","buildConfig":{"runtime":"nodejs18","entryPoint":"ssrsunys1dcf2","source":{"storageSource":{"bucket":"gcf-v2-sources-204419417266-asia-east1","object":"ssrsunys1dcf2/function-source.zip"}},"environmentVariables":{"GOOGLE_NODE_RUN_SCRIPTS":""}},"serviceConfig":{"service":"projects/sunys-1dcf2/locations/asia-east1/services/ssrsunys1dcf2","timeoutSeconds":60,"environmentVariables":{"__FIREBASE_FRAMEWORKS_ENTRY__":"_devMode","__FIREBASE_DEFAULTS__":"{\"config\":{\"projectId\":\"sunys-1dcf2\",\"appId\":\"1:204419417266:web:2147deea7ba841604835ab\",\"storageBucket\":\"sunys-1dcf2.appspot.com\",\"locationId\":\"asia-northeast3\",\"apiKey\":\"AIzaSyArv5MeJtmxzAbXc8jOSIpRBw6t2_FxvDo\",\"authDomain\":\"sunys-1dcf2.firebaseapp.com\",\"messagingSenderId\":\"204419417266\",\"measurementId\":\"G-WGCBPFZP36\"},\"_authTokenSyncURL\":\"/__session\"}","FIREBASE_CONFIG":"{\"projectId\":\"sunys-1dcf2\",\"storageBucket\":\"sunys-1dcf2.appspot.com\",\"locationId\":\"asia-northeast3\"}","GCLOUD_PROJECT":"sunys-1dcf2","EVENTARC_CLOUD_EVENT_SOURCE":"projects/sunys-1dcf2/locations/asia-east1/services/ssrsunys1dcf2"},"maxInstanceCount":100,"ingressSettings":"ALLOW_ALL","serviceAccountEmail":"204419417266-compute@developer.gserviceaccount.com","availableMemory":"256Mi","maxInstanceRequestConcurrency":80,"availableCpu":"1"},"labels":{"deployment-tool":"cli-firebase","firebase-functions-codebase":"firebase-frameworks-sunys-1dcf2","firebase-functions-hash":"f9af2f58474cb1654c1beb8a0582e23ee5d3b61a"},"environment":"GEN_2"},"stages":[{"name":"ARTIFACT_REGISTRY","state":"NOT_STARTED"},{"name":"SERVICE","state":"NOT_STARTED"}]},"done":false}
[debug] [2023-05-24T17:05:45.669Z] [create-firebase-frameworks-sunys-1dcf2-asia-east1-ssrsunys1dcf2] Retrying task index 0
[debug] [2023-05-24T17:05:45.670Z] >>> [apiv2][query] GET https://cloudfunctions.googleapis.com/v2/projects/sunys-1dcf2/locations/asia-east1/operations/operation-1684947938821-5fc73835bc45b-7421668e-1cff8b52 [none]
[debug] [2023-05-24T17:05:45.787Z] <<< [apiv2][status] GET https://cloudfunctions.googleapis.com/v2/projects/sunys-1dcf2/locations/asia-east1/operations/operation-1684947938821-5fc73835bc45b-7421668e-1cff8b52 200
[debug] [2023-05-24T17:05:45.787Z] <<< [apiv2][body] GET https://cloudfunctions.googleapis.com/v2/projects/sunys-1dcf2/locations/asia-east1/operations/operation-1684947938821-5fc73835bc45b-7421668e-1cff8b52 {"name":"projects/sunys-1dcf2/locations/asia-east1/operations/operation-1684947938821-5fc73835bc45b-7421668e-1cff8b52","metadata":{"@type":"type.googleapis.com/google.cloud.functions.v2.OperationMetadata","createTime":"2023-05-24T17:05:41.999535225Z","target":"projects/sunys-1dcf2/locations/asia-east1/functions/ssrsunys1dcf2","verb":"create","cancelRequested":false,"apiVersion":"v2","requestResource":{"@type":"type.googleapis.com/google.cloud.functions.v2.Function","name":"projects/sunys-1dcf2/locations/asia-east1/functions/ssrsunys1dcf2","buildConfig":{"runtime":"nodejs18","entryPoint":"ssrsunys1dcf2","source":{"storageSource":{"bucket":"gcf-v2-sources-204419417266-asia-east1","object":"ssrsunys1dcf2/function-source.zip"}},"environmentVariables":{"GOOGLE_NODE_RUN_SCRIPTS":""}},"serviceConfig":{"service":"projects/sunys-1dcf2/locations/asia-east1/services/ssrsunys1dcf2","timeoutSeconds":60,"environmentVariables":{"__FIREBASE_FRAMEWORKS_ENTRY__":"_devMode","__FIREBASE_DEFAULTS__":"{\"config\":{\"projectId\":\"sunys-1dcf2\",\"appId\":\"1:204419417266:web:2147deea7ba841604835ab\",\"storageBucket\":\"sunys-1dcf2.appspot.com\",\"locationId\":\"asia-northeast3\",\"apiKey\":\"AIzaSyArv5MeJtmxzAbXc8jOSIpRBw6t2_FxvDo\",\"authDomain\":\"sunys-1dcf2.firebaseapp.com\",\"messagingSenderId\":\"204419417266\",\"measurementId\":\"G-WGCBPFZP36\"},\"_authTokenSyncURL\":\"/__session\"}","FIREBASE_CONFIG":"{\"projectId\":\"sunys-1dcf2\",\"storageBucket\":\"sunys-1dcf2.appspot.com\",\"locationId\":\"asia-northeast3\"}","GCLOUD_PROJECT":"sunys-1dcf2","EVENTARC_CLOUD_EVENT_SOURCE":"projects/sunys-1dcf2/locations/asia-east1/services/ssrsunys1dcf2"},"maxInstanceCount":100,"ingressSettings":"ALLOW_ALL","serviceAccountEmail":"204419417266-compute@developer.gserviceaccount.com","availableMemory":"256Mi","maxInstanceRequestConcurrency":80,"availableCpu":"1"},"labels":{"deployment-tool":"cli-firebase","firebase-functions-codebase":"firebase-frameworks-sunys-1dcf2","firebase-functions-hash":"f9af2f58474cb1654c1beb8a0582e23ee5d3b61a"},"environment":"GEN_2"},"stages":[{"name":"ARTIFACT_REGISTRY","state":"NOT_STARTED"},{"name":"SERVICE","message":"Deleting Cloud Run service","state":"IN_PROGRESS","resource":"projects/sunys-1dcf2/locations/asia-east1/services/ssrsunys1dcf2"}]},"done":false}
[debug] [2023-05-24T17:05:49.788Z] [create-firebase-frameworks-sunys-1dcf2-asia-east1-ssrsunys1dcf2] Retrying task index 0
[debug] [2023-05-24T17:05:49.789Z] >>> [apiv2][query] GET https://cloudfunctions.googleapis.com/v2/projects/sunys-1dcf2/locations/asia-east1/operations/operation-1684947938821-5fc73835bc45b-7421668e-1cff8b52 [none]
[debug] [2023-05-24T17:05:49.892Z] <<< [apiv2][status] GET https://cloudfunctions.googleapis.com/v2/projects/sunys-1dcf2/locations/asia-east1/operations/operation-1684947938821-5fc73835bc45b-7421668e-1cff8b52 200
[debug] [2023-05-24T17:05:49.893Z] <<< [apiv2][body] GET https://cloudfunctions.googleapis.com/v2/projects/sunys-1dcf2/locations/asia-east1/operations/operation-1684947938821-5fc73835bc45b-7421668e-1cff8b52 {"name":"projects/sunys-1dcf2/locations/asia-east1/operations/operation-1684947938821-5fc73835bc45b-7421668e-1cff8b52","metadata":{"@type":"type.googleapis.com/google.cloud.functions.v2.OperationMetadata","createTime":"2023-05-24T17:05:41.999535225Z","endTime":"2023-05-24T17:05:47.572985060Z","target":"projects/sunys-1dcf2/locations/asia-east1/functions/ssrsunys1dcf2","verb":"create","cancelRequested":false,"apiVersion":"v2","requestResource":{"@type":"type.googleapis.com/google.cloud.functions.v2.Function","name":"projects/sunys-1dcf2/locations/asia-east1/functions/ssrsunys1dcf2","buildConfig":{"runtime":"nodejs18","entryPoint":"ssrsunys1dcf2","source":{"storageSource":{"bucket":"gcf-v2-sources-204419417266-asia-east1","object":"ssrsunys1dcf2/function-source.zip"}},"environmentVariables":{"GOOGLE_NODE_RUN_SCRIPTS":""}},"serviceConfig":{"service":"projects/sunys-1dcf2/locations/asia-east1/services/ssrsunys1dcf2","timeoutSeconds":60,"environmentVariables":{"__FIREBASE_FRAMEWORKS_ENTRY__":"_devMode","__FIREBASE_DEFAULTS__":"{\"config\":{\"projectId\":\"sunys-1dcf2\",\"appId\":\"1:204419417266:web:2147deea7ba841604835ab\",\"storageBucket\":\"sunys-1dcf2.appspot.com\",\"locationId\":\"asia-northeast3\",\"apiKey\":\"AIzaSyArv5MeJtmxzAbXc8jOSIpRBw6t2_FxvDo\",\"authDomain\":\"sunys-1dcf2.firebaseapp.com\",\"messagingSenderId\":\"204419417266\",\"measurementId\":\"G-WGCBPFZP36\"},\"_authTokenSyncURL\":\"/__session\"}","FIREBASE_CONFIG":"{\"projectId\":\"sunys-1dcf2\",\"storageBucket\":\"sunys-1dcf2.appspot.com\",\"locationId\":\"asia-northeast3\"}","GCLOUD_PROJECT":"sunys-1dcf2","EVENTARC_CLOUD_EVENT_SOURCE":"projects/sunys-1dcf2/locations/asia-east1/services/ssrsunys1dcf2"},"maxInstanceCount":100,"ingressSettings":"ALLOW_ALL","serviceAccountEmail":"204419417266-compute@developer.gserviceaccount.com","availableMemory":"256Mi","maxInstanceRequestConcurrency":80,"availableCpu":"1"},"labels":{"deployment-tool":"cli-firebase","firebase-functions-codebase":"firebase-frameworks-sunys-1dcf2","firebase-functions-hash":"f9af2f58474cb1654c1beb8a0582e23ee5d3b61a"},"environment":"GEN_2"},"stages":[{"name":"ARTIFACT_REGISTRY","state":"NOT_STARTED"},{"name":"SERVICE","message":"Deleting Cloud Run service","state":"COMPLETE","resource":"projects/sunys-1dcf2/locations/asia-east1/services/ssrsunys1dcf2"}]},"done":true,"error":{"code":7,"message":"Unable to retrieve the repository metadata for projects/sunys-1dcf2/locations/asia-east1/repositories/gcf-artifacts. Ensure that the Cloud Functions service account has 'artifactregistry.repositories.list' and 'artifactregistry.repositories.get' permissions. You can add the permissions by granting the role 'roles/artifactregistry.reader'.","details":[{"@type":"type.googleapis.com/google.rpc.Status","code":7,"message":"Unable to cleanup package projects/sunys-1dcf2/locations/asia-east1/repositories/gcf-artifacts/packages/ssrsunys1dcf2. Ensure that the Cloud Functions service account has 'artifactregistry.packages.delete' permission. You can add the permission by granting the role 'roles/artifactregistry.repoAdmin'."}]}}
[error] Unable to retrieve the repository metadata for projects/sunys-1dcf2/locations/asia-east1/repositories/gcf-artifacts. Ensure that the Cloud Functions service account has 'artifactregistry.repositories.list' and 'artifactregistry.repositories.get' permissions. You can add the permissions by granting the role 'roles/artifactregistry.reader'.
[debug] [2023-05-24T17:05:49.900Z] Total Function Deployment time: 11376
[debug] [2023-05-24T17:05:49.900Z] 1 Functions Deployed
[debug] [2023-05-24T17:05:49.900Z] 1 Functions Errored
[debug] [2023-05-24T17:05:49.900Z] 0 Function Deployments Aborted
[debug] [2023-05-24T17:05:49.900Z] Average Function Deployment time: 11375
[info] 
[info] Functions deploy had errors with the following functions:
	firebase-frameworks-sunys-1dcf2:ssrsunys1dcf2(asia-east1)
[debug] [2023-05-24T17:05:50.118Z] Not printing URL for HTTPS function. Typically this means it didn't match a filter or we failed deployment
[info] i  functions: cleaning up build files... 
[debug] [2023-05-24T17:05:50.122Z] >>> [apiv2][query] DELETE https://artifactregistry.googleapis.com/v1beta2/projects/sunys-1dcf2/locations/asia-east1/repositories/gcf-artifacts/packages/ssrsunys1dcf2 [none]
[debug] [2023-05-24T17:05:50.123Z] >>> [apiv2][query] GET https://asia.gcr.io/v2/sunys-1dcf2/gcf/asia-east1/tags/list [none]
[debug] [2023-05-24T17:05:50.431Z] <<< [apiv2][status] DELETE https://artifactregistry.googleapis.com/v1beta2/projects/sunys-1dcf2/locations/asia-east1/repositories/gcf-artifacts/packages/ssrsunys1dcf2 404
[debug] [2023-05-24T17:05:50.432Z] <<< [apiv2][body] DELETE https://artifactregistry.googleapis.com/v1beta2/projects/sunys-1dcf2/locations/asia-east1/repositories/gcf-artifacts/packages/ssrsunys1dcf2 {"error":{"code":404,"message":"Package \"projects/sunys-1dcf2/locations/asia-east1/repositories/gcf-artifacts/packages/ssrsunys1dcf2\" was not found.","status":"NOT_FOUND"}}
[debug] [2023-05-24T17:05:52.760Z] <<< [apiv2][status] GET https://asia.gcr.io/v2/sunys-1dcf2/gcf/asia-east1/tags/list 200
[debug] [2023-05-24T17:05:52.760Z] <<< [apiv2][body] GET https://asia.gcr.io/v2/sunys-1dcf2/gcf/asia-east1/tags/list {"child":[],"manifest":{},"name":"sunys-1dcf2/gcf/asia-east1","tags":[]}
[debug] [2023-05-24T17:05:52.761Z] Could not find image for function projects/sunys-1dcf2/locations/asia-east1/functions/ssrsunys1dcf2
[debug] [2023-05-24T17:05:52.761Z] Functions deploy failed.
[debug] [2023-05-24T17:05:52.761Z] {
  "endpoint": {
    "id": "ssrsunys1dcf2",
    "project": "sunys-1dcf2",
    "region": "asia-east1",
    "entryPoint": "ssrsunys1dcf2",
    "platform": "gcfv2",
    "runtime": "nodejs18",
    "httpsTrigger": {},
    "labels": {
      "deployment-tool": "cli-firebase"
    },
    "serviceAccount": null,
    "ingressSettings": null,
    "availableMemoryMb": null,
    "timeoutSeconds": null,
    "maxInstances": null,
    "minInstances": null,
    "concurrency": 80,
    "vpc": null,
    "environmentVariables": {
      "__FIREBASE_FRAMEWORKS_ENTRY__": "_devMode",
      "__FIREBASE_DEFAULTS__": "{\"config\":{\"projectId\":\"sunys-1dcf2\",\"appId\":\"1:204419417266:web:2147deea7ba841604835ab\",\"storageBucket\":\"sunys-1dcf2.appspot.com\",\"locationId\":\"asia-northeast3\",\"apiKey\":\"AIzaSyArv5MeJtmxzAbXc8jOSIpRBw6t2_FxvDo\",\"authDomain\":\"sunys-1dcf2.firebaseapp.com\",\"messagingSenderId\":\"204419417266\",\"measurementId\":\"G-WGCBPFZP36\"},\"_authTokenSyncURL\":\"/__session\"}",
      "FIREBASE_CONFIG": "{\"projectId\":\"sunys-1dcf2\",\"storageBucket\":\"sunys-1dcf2.appspot.com\",\"locationId\":\"asia-northeast3\"}",
      "GCLOUD_PROJECT": "sunys-1dcf2",
      "EVENTARC_CLOUD_EVENT_SOURCE": "projects/sunys-1dcf2/locations/asia-east1/services/ssrsunys1dcf2"
    },
    "codebase": "firebase-frameworks-sunys-1dcf2",
    "cpu": 1,
    "targetedByOnly": false,
    "hash": "f9af2f58474cb1654c1beb8a0582e23ee5d3b61a"
  },
  "op": "create",
  "original": {
    "name": "FirebaseError",
    "children": [],
    "exit": 1,
    "message": "Unable to retrieve the repository metadata for projects/sunys-1dcf2/locations/asia-east1/repositories/gcf-artifacts. Ensure that the Cloud Functions service account has 'artifactregistry.repositories.list' and 'artifactregistry.repositories.get' permissions. You can add the permissions by granting the role 'roles/artifactregistry.reader'.",
    "status": 7
  }
}
[debug] [2023-05-24T17:05:52.847Z] Error: Failed to create function ssrsunys1dcf2 in region asia-east1
    at /opt/homebrew/lib/node_modules/firebase-tools/lib/deploy/functions/release/fabricator.js:49:11
    at process.processTicksAndRejections (node:internal/process/task_queues:95:5)
    at async Fabricator.createV2Function (/opt/homebrew/lib/node_modules/firebase-tools/lib/deploy/functions/release/fabricator.js:272:32)
    at async Fabricator.createEndpoint (/opt/homebrew/lib/node_modules/firebase-tools/lib/deploy/functions/release/fabricator.js:133:13)
    at async handle (/opt/homebrew/lib/node_modules/firebase-tools/lib/deploy/functions/release/fabricator.js:86:17)
[error] 
[error] Error: There was an error deploying functions
[debug] [2023-05-24T17:14:14.367Z] ----------------------------------------------------------------------
[debug] [2023-05-24T17:14:14.369Z] Command:       /opt/homebrew/Cellar/node/19.7.0/bin/node /opt/homebrew/bin/firebase init hosting
[debug] [2023-05-24T17:14:14.369Z] CLI Version:   12.2.0
[debug] [2023-05-24T17:14:14.369Z] Platform:      darwin
[debug] [2023-05-24T17:14:14.369Z] Node Version:  v19.7.0
[debug] [2023-05-24T17:14:14.369Z] Time:          Thu May 25 2023 02:14:14 GMT+0900 (Korean Standard Time)
[debug] [2023-05-24T17:14:14.369Z] ----------------------------------------------------------------------
[debug] 
[debug] [2023-05-24T17:14:14.412Z] > command requires scopes: ["email","openid","https://www.googleapis.com/auth/cloudplatformprojects.readonly","https://www.googleapis.com/auth/firebase","https://www.googleapis.com/auth/cloud-platform"]
[debug] [2023-05-24T17:14:14.412Z] > authorizing via signed-in user (kdnhyk@gmail.com)
[info] 
     ######## #### ########  ######## ########     ###     ######  ########
     ##        ##  ##     ## ##       ##     ##  ##   ##  ##       ##
     ######    ##  ########  ######   ########  #########  ######  ######
     ##        ##  ##    ##  ##       ##     ## ##     ##       ## ##
     ##       #### ##     ## ######## ########  ##     ##  ######  ########

You're about to initialize a Firebase project in this directory:

  /Users/kdnhyk/Desktop/SUNYS/sunys

Before we get started, keep in mind:

  * You are initializing within an existing Firebase project directory

[info] 
=== Project Setup
[info] 
[info] First, let's associate this project directory with a Firebase project.
[info] You can create multiple project aliases by running firebase use --add, 
[info] but for now we'll just set up a default project.
[info] 
[debug] [2023-05-24T17:14:14.414Z] Using project from CLI flag: sunys-1dcf2
[debug] [2023-05-24T17:14:14.415Z] >>> [apiv2][query] GET https://firebase.googleapis.com/v1beta1/projects/sunys-1dcf2 [none]
[debug] [2023-05-24T17:14:14.931Z] <<< [apiv2][status] GET https://firebase.googleapis.com/v1beta1/projects/sunys-1dcf2 200
[debug] [2023-05-24T17:14:14.931Z] <<< [apiv2][body] GET https://firebase.googleapis.com/v1beta1/projects/sunys-1dcf2 {"projectId":"sunys-1dcf2","projectNumber":"204419417266","displayName":"sunys","name":"projects/sunys-1dcf2","resources":{"hostingSite":"sunys-1dcf2","storageBucket":"sunys-1dcf2.appspot.com","locationId":"asia-northeast3"},"state":"ACTIVE","etag":"1_4ec83c85-797d-4650-9836-f3c8f6485bf6"}
[info] i  Using project sunys-1dcf2 (sunys) 
[info] 
=== Hosting Setup
[info] 
[info] Your public directory is the folder (relative to your project directory) that
[info] will contain Hosting assets to be uploaded with firebase deploy. If you
[info] have a build process for your assets, use your build's output directory.
[info] 
[debug] [2023-05-24T17:14:41.797Z] ----------------------------------------------------------------------
[debug] [2023-05-24T17:14:41.799Z] Command:       /opt/homebrew/Cellar/node/19.7.0/bin/node /opt/homebrew/bin/firebase init hosting
[debug] [2023-05-24T17:14:41.800Z] CLI Version:   12.2.0
[debug] [2023-05-24T17:14:41.800Z] Platform:      darwin
[debug] [2023-05-24T17:14:41.800Z] Node Version:  v19.7.0
[debug] [2023-05-24T17:14:41.800Z] Time:          Thu May 25 2023 02:14:41 GMT+0900 (Korean Standard Time)
[debug] [2023-05-24T17:14:41.800Z] ----------------------------------------------------------------------
[debug] 
[debug] [2023-05-24T17:14:41.835Z] > command requires scopes: ["email","openid","https://www.googleapis.com/auth/cloudplatformprojects.readonly","https://www.googleapis.com/auth/firebase","https://www.googleapis.com/auth/cloud-platform"]
[debug] [2023-05-24T17:14:41.835Z] > authorizing via signed-in user (kdnhyk@gmail.com)
[info] 
     ######## #### ########  ######## ########     ###     ######  ########
     ##        ##  ##     ## ##       ##     ##  ##   ##  ##       ##
     ######    ##  ########  ######   ########  #########  ######  ######
     ##        ##  ##    ##  ##       ##     ## ##     ##       ## ##
     ##       #### ##     ## ######## ########  ##     ##  ######  ########

You're about to initialize a Firebase project in this directory:

  /Users/kdnhyk/Desktop/SUNYS/sunys

Before we get started, keep in mind:

  * You are initializing within an existing Firebase project directory

[info] 
=== Project Setup
[info] 
[info] First, let's associate this project directory with a Firebase project.
[info] You can create multiple project aliases by running firebase use --add, 
[info] but for now we'll just set up a default project.
[info] 
[debug] [2023-05-24T17:14:41.837Z] Using project from CLI flag: sunys-1dcf2
[debug] [2023-05-24T17:14:41.838Z] >>> [apiv2][query] GET https://firebase.googleapis.com/v1beta1/projects/sunys-1dcf2 [none]
[debug] [2023-05-24T17:14:42.377Z] <<< [apiv2][status] GET https://firebase.googleapis.com/v1beta1/projects/sunys-1dcf2 200
[debug] [2023-05-24T17:14:42.378Z] <<< [apiv2][body] GET https://firebase.googleapis.com/v1beta1/projects/sunys-1dcf2 {"projectId":"sunys-1dcf2","projectNumber":"204419417266","displayName":"sunys","name":"projects/sunys-1dcf2","resources":{"hostingSite":"sunys-1dcf2","storageBucket":"sunys-1dcf2.appspot.com","locationId":"asia-northeast3"},"state":"ACTIVE","etag":"1_4ec83c85-797d-4650-9836-f3c8f6485bf6"}
[info] i  Using project sunys-1dcf2 (sunys) 
[info] 
=== Hosting Setup
[info] 
[info] Your public directory is the folder (relative to your project directory) that
[info] will contain Hosting assets to be uploaded with firebase deploy. If you
[info] have a build process for your assets, use your build's output directory.
[info] 
